<?xml version="1.0" encoding="UTF-8"?>
<!-- Generated by org.testng.reporters.JUnitXMLReporter -->
<testsuite ignored="2" hostname="DESKTOP-QD6Q4G9" failures="0" tests="0" time="0.004" errors="0" timestamp="2025-10-04T21:24:45 IST">
  <testcase classname="Dhananjayparit.ecommerce_tc_1" name="fillFormErrorValidation" time="0.0">
    <ignored/>
  </testcase> <!-- fillFormErrorValidation -->
  <testcase classname="Dhananjayparit.ecommerce_tc_1" name="fillFormPositive" time="0.0">
    <ignored/>
  </testcase> <!-- fillFormPositive -->
</testsuite>
