<?xml version="1.0" encoding="UTF-8"?>
<!-- Generated by org.testng.reporters.JUnitXMLReporter -->
<testsuite ignored="0" hostname="DESKTOP-QD6Q4G9" failures="0" tests="2" name="Error Validation test" time="71.051" errors="0" timestamp="2025-10-08T21:17:27 IST">
  <testcase classname="Dhananjayparit.ecommerce_tc_1" name="fillFormErrorValidation" time="19.067"/>
  <testcase classname="Dhananjayparit.ecommerce_tc_1" name="fillFormPositive" time="15.385"/>
</testsuite> <!-- Error Validation test -->
