<?xml version="1.0" encoding="UTF-8"?>
<testng-results ignored="2" total="3" passed="1" failed="0" skipped="0">
  <reporter-output>
  </reporter-output>
  <suite started-at="2025-10-04T21:23:44 IST" name="Suite" finished-at="2025-10-04T21:24:45 IST" duration-ms="60592">
    <groups>
      <group name="Smoke">
        <method signature="Ecommerce_tc_4_hybrid.chromeNavigation(java.util.HashMap)[pri:0, instance:Dhananjayparit.Ecommerce_tc_4_hybrid@30f842ca]" name="chromeNavigation" class="Dhananjayparit.Ecommerce_tc_4_hybrid"/>
      </group> <!-- Smoke -->
    </groups>
    <test started-at="2025-10-04T21:23:44 IST" name="End to end test" finished-at="2025-10-04T21:24:44 IST" duration-ms="59662">
      <class name="Dhananjayparit.Ecommerce_tc_4_hybrid">
        <test-method is-config="true" signature="ConfigureAppium()[pri:0, instance:Dhananjayparit.Ecommerce_tc_4_hybrid@30f842ca]" started-at="2025-10-04T21:23:44 IST" name="ConfigureAppium" finished-at="2025-10-04T21:24:13 IST" duration-ms="28780" status="PASS">
          <reporter-output>
          </reporter-output>
        </test-method> <!-- ConfigureAppium -->
        <test-method signature="chromeNavigation(java.util.HashMap)[pri:0, instance:Dhananjayparit.Ecommerce_tc_4_hybrid@30f842ca]" started-at="2025-10-04T21:24:15 IST" name="chromeNavigation" data-provider="getData" finished-at="2025-10-04T21:24:41 IST" duration-ms="25980" status="PASS">
          <params>
            <param index="0">
              <value>
                <![CDATA[{gender=male, name=Dhananjay, country=Argentina}]]>
              </value>
            </param>
          </params>
          <reporter-output>
          </reporter-output>
        </test-method> <!-- chromeNavigation -->
        <test-method is-config="true" signature="tearDown()[pri:0, instance:Dhananjayparit.Ecommerce_tc_4_hybrid@30f842ca]" started-at="2025-10-04T21:24:41 IST" name="tearDown" finished-at="2025-10-04T21:24:44 IST" duration-ms="3469" status="PASS">
          <reporter-output>
          </reporter-output>
        </test-method> <!-- tearDown -->
      </class> <!-- Dhananjayparit.Ecommerce_tc_4_hybrid -->
    </test> <!-- End to end test -->
    <test started-at="2025-10-04T21:24:45 IST" name="Error Validation test" finished-at="2025-10-04T21:24:45 IST" duration-ms="4">
    </test> <!-- Error Validation test -->
  </suite> <!-- Suite -->
</testng-results>
