<?xml version="1.0" encoding="UTF-8"?>
<testng-results ignored="0" total="2" passed="2" failed="0" skipped="0">
  <reporter-output>
  </reporter-output>
  <suite started-at="2025-10-12T21:25:03 IST" name="Default suite" finished-at="2025-10-12T21:25:46 IST" duration-ms="43724">
    <groups>
    </groups>
    <test started-at="2025-10-12T21:25:03 IST" name="Default test" finished-at="2025-10-12T21:25:46 IST" duration-ms="43724">
      <class name="Dhananjayparit.ecommerce_tc_1">
        <test-method is-config="true" signature="ConfigureAppium()[pri:0, instance:Dhananjayparit.ecommerce_tc_1@399f45b1]" started-at="2025-10-12T21:25:03 IST" name="ConfigureAppium" finished-at="2025-10-12T21:25:19 IST" duration-ms="16105" status="PASS">
          <reporter-output>
          </reporter-output>
        </test-method> <!-- ConfigureAppium -->
        <test-method is-config="true" signature="PreSetup()[pri:0, instance:Dhananjayparit.ecommerce_tc_1@399f45b1]" started-at="2025-10-12T21:25:19 IST" name="PreSetup" finished-at="2025-10-12T21:25:19 IST" duration-ms="125" status="PASS">
          <reporter-output>
          </reporter-output>
        </test-method> <!-- PreSetup -->
        <test-method signature="fillFormErrorValidation()[pri:0, instance:Dhananjayparit.ecommerce_tc_1@399f45b1]" started-at="2025-10-12T21:25:19 IST" name="fillFormErrorValidation" finished-at="2025-10-12T21:25:30 IST" duration-ms="11259" status="PASS">
          <reporter-output>
          </reporter-output>
        </test-method> <!-- fillFormErrorValidation -->
        <test-method is-config="true" signature="PreSetup()[pri:0, instance:Dhananjayparit.ecommerce_tc_1@399f45b1]" started-at="2025-10-12T21:25:30 IST" name="PreSetup" finished-at="2025-10-12T21:25:30 IST" duration-ms="126" status="PASS">
          <reporter-output>
          </reporter-output>
        </test-method> <!-- PreSetup -->
        <test-method signature="fillFormPositive()[pri:0, instance:Dhananjayparit.ecommerce_tc_1@399f45b1]" started-at="2025-10-12T21:25:30 IST" name="fillFormPositive" finished-at="2025-10-12T21:25:45 IST" duration-ms="14398" status="PASS">
          <reporter-output>
          </reporter-output>
        </test-method> <!-- fillFormPositive -->
        <test-method is-config="true" signature="tearDown()[pri:0, instance:Dhananjayparit.ecommerce_tc_1@399f45b1]" started-at="2025-10-12T21:25:45 IST" name="tearDown" finished-at="2025-10-12T21:25:46 IST" duration-ms="1649" status="PASS">
          <reporter-output>
          </reporter-output>
        </test-method> <!-- tearDown -->
      </class> <!-- Dhananjayparit.ecommerce_tc_1 -->
    </test> <!-- Default test -->
  </suite> <!-- Default suite -->
</testng-results>
